app/build/intermediates/manifest_merge_blame_file/debug/manifest-merger-blame-debug-report.txt
1<?xml version="1.0" encoding="utf-8"?>
2<manifest xmlns:android="http://schemas.android.com/apk/res/android"
3    package="coffeespace.com.br.periciasis"
4    android:versionCode="1"
5    android:versionName="1.0" >
6
7    <uses-sdk
8        android:minSdkVersion="15"
8-->src/main/AndroidManifest.xml
9        android:targetSdkVersion="26" />
9-->src/main/AndroidManifest.xml
10
11    <uses-permission android:name="android.permission.WRITE_EXTERNAL_STORAGE" />
11-->src/main/AndroidManifest.xml:5:5-81
11-->src/main/AndroidManifest.xml:5:22-78
12    <uses-permission android:name="android.permission.READ_EXTERNAL_STORAGE" />
12-->src/main/AndroidManifest.xml:6:5-80
12-->src/main/AndroidManifest.xml:6:22-77
13    <uses-permission android:name="android.permission.WRITE_INTERNAL_STORAGE" />
13-->src/main/AndroidManifest.xml:7:5-80
13-->src/main/AndroidManifest.xml:7:22-78
14    <uses-permission android:name="android.permission.INTERNET" />
14-->src/main/AndroidManifest.xml:8:5-67
14-->src/main/AndroidManifest.xml:8:22-64
15    <uses-permission android:name="android.permission.ACCESS_NETWORK_STATE" />
15-->src/main/AndroidManifest.xml:9:5-79
15-->src/main/AndroidManifest.xml:9:22-76
16    <uses-permission android:name="android.permission.GET_ACCOUNTS" />
16-->src/main/AndroidManifest.xml:10:5-70
16-->src/main/AndroidManifest.xml:10:22-68
17
18    <uses-feature
18-->src/main/AndroidManifest.xml:11:5-98
19        android:name="android.hardware.camera"
19-->src/main/AndroidManifest.xml:11:19-57
20        android:required="false" />
20-->src/main/AndroidManifest.xml:11:58-82
21
22    <meta-data
22-->src/main/AndroidManifest.xml:13:5-15:100
23        android:name="com.google.android.geo.API_KEY"
23-->src/main/AndroidManifest.xml:14:9-54
24        android:value="357411178280-b8evirr91lqck7n0917uptr0j28hog7i.apps.googleusercontent.com" />
24-->src/main/AndroidManifest.xml:15:9-97
25    <meta-data
25-->src/main/AndroidManifest.xml:16:5-18:65
26        android:name="com.google.android.gms.version"
26-->src/main/AndroidManifest.xml:17:9-54
27        android:value="@integer/google_play_services_version" />
27-->src/main/AndroidManifest.xml:18:9-62
28
29    <application
29-->src/main/AndroidManifest.xml:20:5-57:19
30        android:name="android.support.multidex.MultiDexApplication"
30-->src/main/AndroidManifest.xml:21:9-68
31        android:allowBackup="true"
31-->src/main/AndroidManifest.xml:23:9-35
32        android:configChanges="orientation|screenSize|keyboardHidden"
32-->src/main/AndroidManifest.xml:22:9-70
33        android:debuggable="true"
34        android:icon="@mipmap/ic_launcher"
34-->src/main/AndroidManifest.xml:24:9-43
35        android:label="@string/app_name"
35-->src/main/AndroidManifest.xml:25:9-41
36        android:roundIcon="@mipmap/ic_launcher_round"
36-->src/main/AndroidManifest.xml:26:9-54
37        android:supportsRtl="true"
37-->src/main/AndroidManifest.xml:27:9-35
38        android:testOnly="true"
39        android:theme="@style/AppTheme" >
39-->src/main/AndroidManifest.xml:28:9-40
40        <activity
40-->src/main/AndroidManifest.xml:29:9-40:20
41            android:name="coffeespace.com.br.periciasis.Activitys.MainActivity"
41-->src/main/AndroidManifest.xml:30:13-51
42            android:configChanges="orientation|keyboardHidden|screenSize"
42-->src/main/AndroidManifest.xml:34:13-74
43            android:label="@string/app_name"
43-->src/main/AndroidManifest.xml:31:13-45
44            android:theme="@style/AppTheme.NoActionBar"
44-->src/main/AndroidManifest.xml:32:13-56
45            android:windowSoftInputMode="adjustPan" >
45-->src/main/AndroidManifest.xml:33:13-52
46            <intent-filter>
46-->src/main/AndroidManifest.xml:35:13-39:29
47                <action android:name="android.intent.action.MAIN" />
47-->src/main/AndroidManifest.xml:36:17-69
47-->src/main/AndroidManifest.xml:36:25-66
48
49                <category android:name="android.intent.category.LAUNCHER" />
49-->src/main/AndroidManifest.xml:38:17-77
49-->src/main/AndroidManifest.xml:38:27-74
50            </intent-filter>
51        </activity>
52        <activity android:name="coffeespace.com.br.periciasis.Activitys.VeiculosActivity" />
52-->src/main/AndroidManifest.xml:41:9-64
52-->src/main/AndroidManifest.xml:41:19-61
53        <activity android:name="coffeespace.com.br.periciasis.Activitys.IpafActivity" />
53-->src/main/AndroidManifest.xml:42:9-60
53-->src/main/AndroidManifest.xml:42:19-57
54        <activity android:name="coffeespace.com.br.periciasis.Activitys.LocalActivity" />
54-->src/main/AndroidManifest.xml:43:9-61
54-->src/main/AndroidManifest.xml:43:19-58
55        <activity android:name="coffeespace.com.br.periciasis.Activitys.ConcDinActivity" />
55-->src/main/AndroidManifest.xml:44:9-63
55-->src/main/AndroidManifest.xml:44:19-60
56        <activity android:name="coffeespace.com.br.periciasis.Activitys.CapturaActivity" />
56-->src/main/AndroidManifest.xml:45:9-63
56-->src/main/AndroidManifest.xml:45:19-60
57        <activity android:name="coffeespace.com.br.periciasis.Activitys.PreferencesActivity" />
57-->src/main/AndroidManifest.xml:46:9-67
57-->src/main/AndroidManifest.xml:46:19-64
58        <activity android:name="coffeespace.com.br.periciasis.Activitys.ObjetosActivity" />
58-->src/main/AndroidManifest.xml:47:9-63
58-->src/main/AndroidManifest.xml:47:19-60
59        <activity android:name="coffeespace.com.br.periciasis.Activitys.Settings" />
59-->src/main/AndroidManifest.xml:48:9-56
59-->src/main/AndroidManifest.xml:48:19-53
60        <activity android:name="coffeespace.com.br.periciasis.Google.CreateEmptyFileActivity" />
60-->src/main/AndroidManifest.xml:49:9-68
60-->src/main/AndroidManifest.xml:49:19-65
61        <activity android:name="coffeespace.com.br.periciasis.Google.CreateFileInAppFolderActivity" />
61-->src/main/AndroidManifest.xml:50:9-74
61-->src/main/AndroidManifest.xml:50:19-71
62        <activity android:name="coffeespace.com.br.periciasis.Google.TestGoogleActivity" />
62-->src/main/AndroidManifest.xml:51:9-63
62-->src/main/AndroidManifest.xml:51:19-60
63        <activity android:name="coffeespace.com.br.periciasis.Activitys.DanoActivity" />
63-->src/main/AndroidManifest.xml:52:9-60
63-->src/main/AndroidManifest.xml:52:19-57
64        <activity android:name="coffeespace.com.br.periciasis.Google.CreateFileInFolderActivity" />
64-->src/main/AndroidManifest.xml:53:9-71
64-->src/main/AndroidManifest.xml:53:19-68
65        <activity android:name="coffeespace.com.br.periciasis.Google.CreateFile" />
65-->src/main/AndroidManifest.xml:54:9-55
65-->src/main/AndroidManifest.xml:54:19-52
66        <activity android:name="coffeespace.com.br.periciasis.Google.PickFileWithOpenerActivity" />
66-->src/main/AndroidManifest.xml:55:9-71
66-->src/main/AndroidManifest.xml:55:19-68
67
68        <meta-data
68-->[com.android.support:design:26.1.0] AndroidManifest.xml:26:9-28:38
69            android:name="android.support.VERSION"
69-->[com.android.support:design:26.1.0] AndroidManifest.xml:27:13-51
70            android:value="26.1.0" />
70-->[com.android.support:design:26.1.0] AndroidManifest.xml:28:13-35
71
72        <activity
72-->[pub.devrel:easypermissions:0.3.0] AndroidManifest.xml:12:9-16:66
73            android:name="pub.devrel.easypermissions.AppSettingsDialogHolderActivity"
73-->[pub.devrel:easypermissions:0.3.0] AndroidManifest.xml:13:13-86
74            android:exported="false"
74-->[pub.devrel:easypermissions:0.3.0] AndroidManifest.xml:14:13-37
75            android:label=""
75-->[pub.devrel:easypermissions:0.3.0] AndroidManifest.xml:15:13-29
76            android:theme="@style/EasyPermissions.Transparent" />
76-->[pub.devrel:easypermissions:0.3.0] AndroidManifest.xml:16:13-63
77        <activity
77-->[com.google.android.gms:play-services-base:11.0.4] AndroidManifest.xml:19:9-172
78            android:name="com.google.android.gms.common.api.GoogleApiActivity"
78-->[com.google.android.gms:play-services-base:11.0.4] AndroidManifest.xml:19:19-85
79            android:exported="false"
79-->[com.google.android.gms:play-services-base:11.0.4] AndroidManifest.xml:19:146-170
80            android:theme="@android:style/Theme.Translucent.NoTitleBar" />
80-->[com.google.android.gms:play-services-base:11.0.4] AndroidManifest.xml:19:86-145
81
82        <meta-data
82-->src/main/AndroidManifest.xml:16:5-18:65
83            android:name="com.google.android.gms.version"
83-->src/main/AndroidManifest.xml:17:9-54
84            android:value="@integer/google_play_services_version" />
84-->src/main/AndroidManifest.xml:18:9-62
85        <meta-data
85-->[android.arch.lifecycle:runtime:1.0.0] AndroidManifest.xml:25:9-27:47
86            android:name="android.arch.lifecycle.VERSION"
86-->[android.arch.lifecycle:runtime:1.0.0] AndroidManifest.xml:26:13-58
87            android:value="27.0.0-SNAPSHOT" />
87-->[android.arch.lifecycle:runtime:1.0.0] AndroidManifest.xml:27:13-44
88    </application>
89
90</manifest>